<?xml version="1.0" encoding="UTF-8"?>
<!-- Generated by org.testng.reporters.JUnitReportReporter -->
<testsuite hostname="Prajwals-MacBook-Air.local" failures="0" tests="1" name="Ixigotask.Ixigo" time="35.684" errors="0" timestamp="2024-07-23T16:03:10 IST" skipped="0">
  <testcase classname="Ixigotask.Ixigo" name="SearchFlights" time="35.684"/>
</testsuite> <!-- Ixigotask.Ixigo -->
